<?xml version="1.0" encoding="UTF-8"?>
<!-- Generated by org.testng.reporters.JUnitXMLReporter -->
<testsuite ignored="0" hostname="DESKTOP-O0L33S4" failures="0" tests="1" name="Default test(failed)" time="0.119" errors="0" timestamp="2025-03-21T08:21:06 IST">
  <testcase classname="testBase.BaseClass" name="@BeforeClass setup" time="-1.742525466506E9">
    <failure type="org.testng.TestNGException" message="
Parameter &amp;apos;os&amp;apos; is required by BeforeClass on method setup but has not been marked @Optional or defined
in C:\Users\Dhruti Sundar\eclipse-workspace\OpenCartV121\test-output\testng-failed.xml">
      <![CDATA[org.testng.TestNGException: 
Parameter 'os' is required by BeforeClass on method setup but has not been marked @Optional or defined
in C:\Users\Dhruti Sundar\eclipse-workspace\OpenCartV121\test-output\testng-failed.xml
at java.base/java.util.ArrayList.forEach(ArrayList.java:1511)
... Removed 22 stack frames]]>
    </failure>
  </testcase> <!-- @BeforeClass setup -->
  <testcase classname="testBase.BaseClass" name="@AfterClass tearDown" time="0.0">
    <skipped/>
  </testcase> <!-- @AfterClass tearDown -->
  <testcase classname="testCases.TC001_AccountRegistarionTest" name="verify_account_Registration" time="0.0">
    <skipped/>
  </testcase> <!-- verify_account_Registration -->
</testsuite> <!-- Default test(failed) -->
