11:57:45:375[TestNG-tests-3] DEBUG testCases.TC001_AccountRegistarionTest - Debug logs..org.openqa.selenium.NoSuchSessionException: Tried to run command without establishing a connection
Build info: version: '4.29.0', revision: '5fc1ec94cb'
System info: os.name: 'Windows 11', os.arch: 'amd64', os.version: '10.0', java.version: '18.0.2.1'
Driver info: org.openqa.selenium.firefox.FirefoxDriver
Command: [e9b9aeb7-fc28-4bd9-a5f9-3ae04b3bf231, findElement {value=//span[normalize-space()='My Account'], using=xpath}]
Capabilities {acceptInsecureCerts: true, browserName: firefox, browserVersion: 135.0.1, moz:accessibilityChecks: false, moz:buildID: 20250216192613, moz:geckodriverVersion: 0.36.0, moz:headless: false, moz:platformVersion: 10.0, moz:processID: 13616, moz:profile: C:\Users\DHRUTI~1\AppData\L..., moz:shutdownTimeout: 60000, moz:webdriverClick: true, moz:windowless: false, pageLoadStrategy: normal, platformName: windows, proxy: Proxy(), setWindowRect: true, strictFileInteractability: false, timeouts: {implicit: 0, pageLoad: 300000, script: 30000}, unhandledPromptBehavior: dismiss and notify, userAgent: Mozilla/5.0 (Windows NT 10....}
Session ID: e9b9aeb7-fc28-4bd9-a5f9-3ae04b3bf231
12:11:23:703[TestNG-tests-1] INFO  testCases.TC001_AccountRegistarionTest - *** test case execution started***
12:11:25:347[TestNG-tests-1] INFO  testCases.TC001_AccountRegistarionTest - *clicked on my account *
12:11:25:855[TestNG-tests-2] INFO  testCases.TC001_AccountRegistarionTest - *** test case execution started***
12:11:27:494[TestNG-tests-2] INFO  testCases.TC001_AccountRegistarionTest - *clicked on my account *
12:11:27:569[TestNG-tests-1] INFO  testCases.TC001_AccountRegistarionTest - *clicked on register links *
12:11:27:593[TestNG-tests-1] INFO  testCases.TC001_AccountRegistarionTest - Providing customer details
12:11:28:838[TestNG-tests-2] INFO  testCases.TC001_AccountRegistarionTest - *clicked on register links *
12:11:28:840[TestNG-tests-2] INFO  testCases.TC001_AccountRegistarionTest - Providing customer details
12:11:39:127[TestNG-tests-1] ERROR testCases.TC001_AccountRegistarionTest - Test failedorg.openqa.selenium.NoSuchElementException: Unable to locate element: //input[@id='input-firstname']
For documentation on this error, please visit: https://www.selenium.dev/documentation/webdriver/troubleshooting/errors#no-such-element-exception
Build info: version: '4.29.0', revision: '5fc1ec94cb'
System info: os.name: 'Windows 11', os.arch: 'amd64', os.version: '10.0', java.version: '18.0.2.1'
Driver info: org.openqa.selenium.firefox.FirefoxDriver
Command: [36b56cfa-bc48-4023-8ea0-56edaab98c09, findElement {value=//input[@id='input-firstname'], using=xpath}]
Capabilities {acceptInsecureCerts: true, browserName: firefox, browserVersion: 135.0.1, moz:accessibilityChecks: false, moz:buildID: 20250216192613, moz:geckodriverVersion: 0.36.0, moz:headless: false, moz:platformVersion: 10.0, moz:processID: 14124, moz:profile: C:\Users\DHRUTI~1\AppData\L..., moz:shutdownTimeout: 60000, moz:webdriverClick: true, moz:windowless: false, pageLoadStrategy: normal, platformName: windows, proxy: Proxy(), setWindowRect: true, strictFileInteractability: false, timeouts: {implicit: 0, pageLoad: 300000, script: 30000}, unhandledPromptBehavior: dismiss and notify, userAgent: Mozilla/5.0 (Windows NT 10....}
Session ID: 36b56cfa-bc48-4023-8ea0-56edaab98c09
12:11:39:129[TestNG-tests-1] DEBUG testCases.TC001_AccountRegistarionTest - Debug logs..org.openqa.selenium.NoSuchElementException: Unable to locate element: //input[@id='input-firstname']
For documentation on this error, please visit: https://www.selenium.dev/documentation/webdriver/troubleshooting/errors#no-such-element-exception
Build info: version: '4.29.0', revision: '5fc1ec94cb'
System info: os.name: 'Windows 11', os.arch: 'amd64', os.version: '10.0', java.version: '18.0.2.1'
Driver info: org.openqa.selenium.firefox.FirefoxDriver
Command: [36b56cfa-bc48-4023-8ea0-56edaab98c09, findElement {value=//input[@id='input-firstname'], using=xpath}]
Capabilities {acceptInsecureCerts: true, browserName: firefox, browserVersion: 135.0.1, moz:accessibilityChecks: false, moz:buildID: 20250216192613, moz:geckodriverVersion: 0.36.0, moz:headless: false, moz:platformVersion: 10.0, moz:processID: 14124, moz:profile: C:\Users\DHRUTI~1\AppData\L..., moz:shutdownTimeout: 60000, moz:webdriverClick: true, moz:windowless: false, pageLoadStrategy: normal, platformName: windows, proxy: Proxy(), setWindowRect: true, strictFileInteractability: false, timeouts: {implicit: 0, pageLoad: 300000, script: 30000}, unhandledPromptBehavior: dismiss and notify, userAgent: Mozilla/5.0 (Windows NT 10....}
Session ID: 36b56cfa-bc48-4023-8ea0-56edaab98c09
12:11:49:131[TestNG-tests-2] ERROR testCases.TC001_AccountRegistarionTest - Test failedorg.openqa.selenium.NoSuchElementException: Unable to locate element: //input[@id='input-firstname']
For documentation on this error, please visit: https://www.selenium.dev/documentation/webdriver/troubleshooting/errors#no-such-element-exception
Build info: version: '4.29.0', revision: '5fc1ec94cb'
System info: os.name: 'Windows 11', os.arch: 'amd64', os.version: '10.0', java.version: '18.0.2.1'
Driver info: org.openqa.selenium.firefox.FirefoxDriver
Command: [36b56cfa-bc48-4023-8ea0-56edaab98c09, findElement {value=//input[@id='input-firstname'], using=xpath}]
Capabilities {acceptInsecureCerts: true, browserName: firefox, browserVersion: 135.0.1, moz:accessibilityChecks: false, moz:buildID: 20250216192613, moz:geckodriverVersion: 0.36.0, moz:headless: false, moz:platformVersion: 10.0, moz:processID: 14124, moz:profile: C:\Users\DHRUTI~1\AppData\L..., moz:shutdownTimeout: 60000, moz:webdriverClick: true, moz:windowless: false, pageLoadStrategy: normal, platformName: windows, proxy: Proxy(), setWindowRect: true, strictFileInteractability: false, timeouts: {implicit: 0, pageLoad: 300000, script: 30000}, unhandledPromptBehavior: dismiss and notify, userAgent: Mozilla/5.0 (Windows NT 10....}
Session ID: 36b56cfa-bc48-4023-8ea0-56edaab98c09
